Using pre-set license

 COMMAND LINE ARGUMENTS:
/Applications/Unity/Hub/Editor/2020.3.0f1/Unity.app/Contents/MacOS/Unity
-adb2
-batchMode
-noUpm
-name
AssetImportWorker0
-projectPath
/Users/emiryilmaz/Documents/GitHub/Atom-Game-Jam-3/Atom Game Jam 3
-logFile
Logs/AssetImportWorker0.log
-srvPort
56523
Successfully changed project path to: /Users/emiryilmaz/Documents/GitHub/Atom-Game-Jam-3/Atom Game Jam 3
/Users/emiryilmaz/Documents/GitHub/Atom-Game-Jam-3/Atom Game Jam 3
Using Asset Import Pipeline V2.
Refreshing native plugins compatible for Editor in 39.25 ms, found 2 plugins.
Preloading 0 native plugins for Editor in 0.00 ms.
Initialize engine version: 2020.3.0f1 (c7b5465681fb)
[Subsystems] Discovering subsystems at path /Applications/Unity/Hub/Editor/2020.3.0f1/Unity.app/Contents/Resources/UnitySubsystems
[Subsystems] Discovering subsystems at path /Users/emiryilmaz/Documents/GitHub/Atom-Game-Jam-3/Atom Game Jam 3/Assets
GfxDevice: creating device client; threaded=0
2021-07-09 19:53:05.256 Unity[5929:350546] Color LCD preferred device: Intel(R) UHD Graphics 630 (low power)
2021-07-09 19:53:05.256 Unity[5929:350546] Metal devices available: 2
2021-07-09 19:53:05.256 Unity[5929:350546] 0: AMD Radeon Pro 5300M (high power)
2021-07-09 19:53:05.256 Unity[5929:350546] 1: Intel(R) UHD Graphics 630 (low power)
2021-07-09 19:53:05.256 Unity[5929:350546] Using device AMD Radeon Pro 5300M (high power)
Initializing Metal device caps: AMD Radeon Pro 5300M
Initialize mono
Mono path[0] = '/Applications/Unity/Hub/Editor/2020.3.0f1/Unity.app/Contents/Managed'
Mono path[1] = '/Applications/Unity/Hub/Editor/2020.3.0f1/Unity.app/Contents/MonoBleedingEdge/lib/mono/unityjit'
Mono config path = '/Applications/Unity/Hub/Editor/2020.3.0f1/Unity.app/Contents/MonoBleedingEdge/etc'
Using monoOptions --debugger-agent=transport=dt_socket,embedding=1,server=y,suspend=n,address=127.0.0.1:56929
Begin MonoManager ReloadAssembly
Registering precompiled unity dll's ...
Register platform support module: /Applications/Unity/Hub/Editor/2020.3.0f1/PlaybackEngines/WebGLSupport/UnityEditor.WebGL.Extensions.dll
Register platform support module: /Applications/Unity/Hub/Editor/2020.3.0f1/Unity.app/Contents/PlaybackEngines/MacStandaloneSupport/UnityEditor.OSXStandalone.Extensions.dll
Register platform support module: /Applications/Unity/Hub/Editor/2020.3.0f1/PlaybackEngines/WindowsStandaloneSupport/UnityEditor.WindowsStandalone.Extensions.dll
Registered in 0.001480 seconds.
Native extension for WindowsStandalone target not found
Native extension for OSXStandalone target not found
Native extension for WebGL target not found
Refreshing native plugins compatible for Editor in 31.61 ms, found 2 plugins.
Preloading 0 native plugins for Editor in 0.00 ms.
Invoked RoslynAnalysisRunner static constructor.
RoslynAnalysisRunner will not be running.
RoslynAnalysisRunner has terminated.
Mono: successfully reloaded assembly
- Completed reload, in  5.565 seconds
Platform modules already initialized, skipping
Registering precompiled user dll's ...
Registered in 0.001187 seconds.
Begin MonoManager ReloadAssembly
Native extension for WindowsStandalone target not found
Native extension for OSXStandalone target not found
Native extension for WebGL target not found
Refreshing native plugins compatible for Editor in 36.48 ms, found 2 plugins.
Preloading 0 native plugins for Editor in 0.00 ms.
Invoked RoslynAnalysisRunner static constructor.
RoslynAnalysisRunner will not be running.
RoslynAnalysisRunner has terminated.
Mono: successfully reloaded assembly
- Completed reload, in  1.168 seconds
Platform modules already initialized, skipping
========================================================================
Worker process is ready to serve import requests
Launching external process: /Applications/Unity/Hub/Editor/2020.3.0f1/Unity.app/Contents/Tools/UnityShaderCompiler
Launched and connected shader compiler UnityShaderCompiler after 0.03 seconds
Refreshing native plugins compatible for Editor in 0.34 ms, found 2 plugins.
Preloading 0 native plugins for Editor in 0.00 ms.
Unloading 1807 Unused Serialized files (Serialized files now loaded: 0)
System memory in use before: 151.7 MB.
System memory in use after: 151.7 MB.

Unloading 24 unused Assets to reduce memory usage. Loaded Objects now: 2249.
Total: 2.970411 ms (FindLiveObjects: 0.298721 ms CreateObjectMapping: 0.096132 ms MarkObjects: 2.408927 ms  DeleteObjects: 0.165554 ms)

========================================================================
Received Import Request.
  path: Assets/Movement.cs
  artifactKey: Guid(86d1f8269578d47faad4928627a1f0de) Importer(815301076,1909f56bfc062723c751e8b465ee728b)
Start importing Assets/Movement.cs using Guid(86d1f8269578d47faad4928627a1f0de) Importer(815301076,1909f56bfc062723c751e8b465ee728b)  -> (artifact id: '17d26fffbd0eb93052f3448627e03eee') in 0.337789 seconds
  Import took 0.341012 seconds .

========================================================================
Received Import Request.
  Time since last request: 23.486882 seconds.
  path: Assets/Movement.cs
  artifactKey: Guid(86d1f8269578d47faad4928627a1f0de) Importer(815301076,1909f56bfc062723c751e8b465ee728b)
Start importing Assets/Movement.cs using Guid(86d1f8269578d47faad4928627a1f0de) Importer(815301076,1909f56bfc062723c751e8b465ee728b)  -> (artifact id: '216dba08fcc75964276706752868ad23') in 0.001996 seconds
  Import took 0.005024 seconds .

========================================================================
Received Import Request.
  Time since last request: 0.040814 seconds.
  path: Assets/Movement.cs
  artifactKey: Guid(86d1f8269578d47faad4928627a1f0de) Importer(815301076,1909f56bfc062723c751e8b465ee728b)
Start importing Assets/Movement.cs using Guid(86d1f8269578d47faad4928627a1f0de) Importer(815301076,1909f56bfc062723c751e8b465ee728b)  -> (artifact id: '216dba08fcc75964276706752868ad23') in 0.001541 seconds
  Import took 0.004665 seconds .

========================================================================
Received Prepare
Registering precompiled user dll's ...
Registered in 0.000869 seconds.
Begin MonoManager ReloadAssembly
Native extension for WindowsStandalone target not found
Native extension for OSXStandalone target not found
Native extension for WebGL target not found
Refreshing native plugins compatible for Editor in 0.31 ms, found 2 plugins.
Preloading 0 native plugins for Editor in 0.00 ms.
Invoked RoslynAnalysisRunner static constructor.
RoslynAnalysisRunner will not be running.
RoslynAnalysisRunner has terminated.
Mono: successfully reloaded assembly
- Completed reload, in  0.970 seconds
Platform modules already initialized, skipping
Refreshing native plugins compatible for Editor in 0.32 ms, found 2 plugins.
Preloading 0 native plugins for Editor in 0.00 ms.
Unloading 1802 Unused Serialized files (Serialized files now loaded: 0)
System memory in use before: 156.4 MB.
System memory in use after: 156.4 MB.

Unloading 12 unused Assets to reduce memory usage. Loaded Objects now: 2253.
Total: 1.980176 ms (FindLiveObjects: 0.208894 ms CreateObjectMapping: 0.068916 ms MarkObjects: 1.617423 ms  DeleteObjects: 0.083776 ms)

========================================================================
Received Import Request.
  Time since last request: 266.334331 seconds.
  path: Assets/Movement.cs
  artifactKey: Guid(86d1f8269578d47faad4928627a1f0de) Importer(815301076,1909f56bfc062723c751e8b465ee728b)
Start importing Assets/Movement.cs using Guid(86d1f8269578d47faad4928627a1f0de) Importer(815301076,1909f56bfc062723c751e8b465ee728b)  -> (artifact id: '297e3cdae6a80529cec221b61725a78c') in 0.003931 seconds
  Import took 0.006981 seconds .

========================================================================
Received Prepare
Registering precompiled user dll's ...
Registered in 0.001377 seconds.
Begin MonoManager ReloadAssembly
Native extension for WindowsStandalone target not found
Native extension for OSXStandalone target not found
Native extension for WebGL target not found
Refreshing native plugins compatible for Editor in 0.38 ms, found 2 plugins.
Preloading 0 native plugins for Editor in 0.00 ms.
Invoked RoslynAnalysisRunner static constructor.
RoslynAnalysisRunner will not be running.
RoslynAnalysisRunner has terminated.
Mono: successfully reloaded assembly
- Completed reload, in  1.062 seconds
Platform modules already initialized, skipping
Refreshing native plugins compatible for Editor in 0.31 ms, found 2 plugins.
Preloading 0 native plugins for Editor in 0.00 ms.
Unloading 1802 Unused Serialized files (Serialized files now loaded: 0)
System memory in use before: 156.6 MB.
System memory in use after: 156.6 MB.

Unloading 12 unused Assets to reduce memory usage. Loaded Objects now: 2257.
Total: 1.797664 ms (FindLiveObjects: 0.167935 ms CreateObjectMapping: 0.057301 ms MarkObjects: 1.490443 ms  DeleteObjects: 0.080857 ms)

========================================================================
Received Prepare
Registering precompiled user dll's ...
Registered in 0.001649 seconds.
Begin MonoManager ReloadAssembly
Native extension for WindowsStandalone target not found
Native extension for OSXStandalone target not found
Native extension for WebGL target not found
Refreshing native plugins compatible for Editor in 0.31 ms, found 2 plugins.
Preloading 0 native plugins for Editor in 0.00 ms.
Invoked RoslynAnalysisRunner static constructor.
RoslynAnalysisRunner will not be running.
RoslynAnalysisRunner has terminated.
Mono: successfully reloaded assembly
- Completed reload, in  0.956 seconds
Platform modules already initialized, skipping
Refreshing native plugins compatible for Editor in 0.33 ms, found 2 plugins.
Preloading 0 native plugins for Editor in 0.00 ms.
Unloading 1802 Unused Serialized files (Serialized files now loaded: 0)
System memory in use before: 156.8 MB.
System memory in use after: 156.8 MB.

Unloading 12 unused Assets to reduce memory usage. Loaded Objects now: 2261.
Total: 1.924994 ms (FindLiveObjects: 0.195339 ms CreateObjectMapping: 0.064917 ms MarkObjects: 1.576446 ms  DeleteObjects: 0.087085 ms)

========================================================================
Received Prepare
Registering precompiled user dll's ...
Registered in 0.001884 seconds.
Begin MonoManager ReloadAssembly
Native extension for WindowsStandalone target not found
Native extension for OSXStandalone target not found
Native extension for WebGL target not found
Refreshing native plugins compatible for Editor in 0.47 ms, found 2 plugins.
Preloading 0 native plugins for Editor in 0.00 ms.
Invoked RoslynAnalysisRunner static constructor.
RoslynAnalysisRunner will not be running.
RoslynAnalysisRunner has terminated.
Mono: successfully reloaded assembly
- Completed reload, in  1.177 seconds
Platform modules already initialized, skipping
Refreshing native plugins compatible for Editor in 0.43 ms, found 2 plugins.
Preloading 0 native plugins for Editor in 0.00 ms.
Unloading 1802 Unused Serialized files (Serialized files now loaded: 0)
System memory in use before: 157.0 MB.
System memory in use after: 157.0 MB.

Unloading 12 unused Assets to reduce memory usage. Loaded Objects now: 2265.
Total: 2.524437 ms (FindLiveObjects: 0.237299 ms CreateObjectMapping: 0.078058 ms MarkObjects: 2.094409 ms  DeleteObjects: 0.113393 ms)

========================================================================
Received Prepare
Registering precompiled user dll's ...
Registered in 0.000938 seconds.
Begin MonoManager ReloadAssembly
Native extension for WindowsStandalone target not found
Native extension for OSXStandalone target not found
Native extension for WebGL target not found
Refreshing native plugins compatible for Editor in 0.34 ms, found 2 plugins.
Preloading 0 native plugins for Editor in 0.00 ms.
Invoked RoslynAnalysisRunner static constructor.
RoslynAnalysisRunner will not be running.
RoslynAnalysisRunner has terminated.
Mono: successfully reloaded assembly
- Completed reload, in  1.162 seconds
Platform modules already initialized, skipping
Refreshing native plugins compatible for Editor in 0.40 ms, found 2 plugins.
Preloading 0 native plugins for Editor in 0.00 ms.
Unloading 1802 Unused Serialized files (Serialized files now loaded: 0)
System memory in use before: 157.2 MB.
System memory in use after: 157.2 MB.

Unloading 12 unused Assets to reduce memory usage. Loaded Objects now: 2269.
Total: 2.885871 ms (FindLiveObjects: 0.264221 ms CreateObjectMapping: 0.111127 ms MarkObjects: 2.387235 ms  DeleteObjects: 0.120500 ms)

========================================================================
Received Prepare
Registering precompiled user dll's ...
Registered in 0.001935 seconds.
Begin MonoManager ReloadAssembly
Native extension for WindowsStandalone target not found
Native extension for OSXStandalone target not found
Native extension for WebGL target not found
Refreshing native plugins compatible for Editor in 0.37 ms, found 2 plugins.
Preloading 0 native plugins for Editor in 0.00 ms.
Invoked RoslynAnalysisRunner static constructor.
RoslynAnalysisRunner will not be running.
RoslynAnalysisRunner has terminated.
Mono: successfully reloaded assembly
- Completed reload, in  1.166 seconds
Platform modules already initialized, skipping
Refreshing native plugins compatible for Editor in 0.34 ms, found 2 plugins.
Preloading 0 native plugins for Editor in 0.00 ms.
Unloading 1802 Unused Serialized files (Serialized files now loaded: 0)
System memory in use before: 157.4 MB.
System memory in use after: 157.4 MB.

Unloading 12 unused Assets to reduce memory usage. Loaded Objects now: 2273.
Total: 2.223009 ms (FindLiveObjects: 0.199596 ms CreateObjectMapping: 0.067918 ms MarkObjects: 1.854388 ms  DeleteObjects: 0.099965 ms)

========================================================================
Received Import Request.
  Time since last request: 1212.269254 seconds.
  path: Assets/Scenes
  artifactKey: Guid(e845d4cf905454ab9ad79164fa11db41) Importer(815301076,1909f56bfc062723c751e8b465ee728b)
Start importing Assets/Scenes using Guid(e845d4cf905454ab9ad79164fa11db41) Importer(815301076,1909f56bfc062723c751e8b465ee728b)  -> (artifact id: '1152126f69ddda96ecaa165364149262') in 0.003812 seconds
  Import took 0.006973 seconds .

========================================================================
Received Import Request.
  Time since last request: 2.949889 seconds.
  path: Assets/Scenes/SampleScene.unity
  artifactKey: Guid(2cda990e2423bbf4892e6590ba056729) Importer(815301076,1909f56bfc062723c751e8b465ee728b)
Start importing Assets/Scenes/SampleScene.unity using Guid(2cda990e2423bbf4892e6590ba056729) Importer(815301076,1909f56bfc062723c751e8b465ee728b)  -> (artifact id: '2ce237fade24a2f5939835377bef4050') in 0.012473 seconds
  Import took 0.016078 seconds .

========================================================================
Received Import Request.
  Time since last request: 3345.818487 seconds.
  path: Assets/Scenes/deneme.unity
  artifactKey: Guid(2cda990e2423bbf4892e6590ba056729) Importer(815301076,1909f56bfc062723c751e8b465ee728b)
Start importing Assets/Scenes/deneme.unity using Guid(2cda990e2423bbf4892e6590ba056729) Importer(815301076,1909f56bfc062723c751e8b465ee728b)  -> (artifact id: '7604f03760380d864fb81c93765e0340') in 0.001524 seconds
  Import took 0.004835 seconds .

========================================================================
Received Import Request.
  Time since last request: 12.660887 seconds.
  path: Assets/Scenes/StartMenu.unity
  artifactKey: Guid(562c7c5a3bc174f4391d534229e28226) Importer(815301076,1909f56bfc062723c751e8b465ee728b)
Start importing Assets/Scenes/StartMenu.unity using Guid(562c7c5a3bc174f4391d534229e28226) Importer(815301076,1909f56bfc062723c751e8b465ee728b)  -> (artifact id: '205d0e8577cbf6224fabe5bca151b196') in 0.002369 seconds
  Import took 0.005459 seconds .

========================================================================
Received Import Request.
  Time since last request: 24.328581 seconds.
  path: Assets/Asst
  artifactKey: Guid(b0ff18ee6a68e45bfb08e79358c62898) Importer(815301076,1909f56bfc062723c751e8b465ee728b)
Start importing Assets/Asst using Guid(b0ff18ee6a68e45bfb08e79358c62898) Importer(815301076,1909f56bfc062723c751e8b465ee728b)  -> (artifact id: '1284c7b98ca35532848cd3bc28978c68') in 0.002259 seconds
  Import took 0.006838 seconds .

========================================================================
Received Import Request.
  Time since last request: 25.230337 seconds.
  path: Assets/Assets
  artifactKey: Guid(b0ff18ee6a68e45bfb08e79358c62898) Importer(815301076,1909f56bfc062723c751e8b465ee728b)
Start importing Assets/Assets using Guid(b0ff18ee6a68e45bfb08e79358c62898) Importer(815301076,1909f56bfc062723c751e8b465ee728b)  -> (artifact id: 'd04748988c37d41a521307b3f470b49a') in 0.001459 seconds
  Import took 0.004783 seconds .

========================================================================
Received Import Request.
  Time since last request: 12.426394 seconds.
  path: Assets/Assets/play.png
  artifactKey: Guid(bc23f67de19ee41ac97de4f6b37fb98f) Importer(815301076,1909f56bfc062723c751e8b465ee728b)
Start importing Assets/Assets/play.png using Guid(bc23f67de19ee41ac97de4f6b37fb98f) Importer(815301076,1909f56bfc062723c751e8b465ee728b)  -> (artifact id: '0995a6015671c39704975159251e983a') in 1.512651 seconds
  Import took 1.516513 seconds .

========================================================================
Received Import Request.
  Time since last request: 27.810752 seconds.
  path: Assets/Assets/play.png
  artifactKey: Guid(bc23f67de19ee41ac97de4f6b37fb98f) Importer(815301076,1909f56bfc062723c751e8b465ee728b)
Start importing Assets/Assets/play.png using Guid(bc23f67de19ee41ac97de4f6b37fb98f) Importer(815301076,1909f56bfc062723c751e8b465ee728b)  -> (artifact id: '6135e6c7474ea5c49e6336bf3528adac') in 0.022125 seconds
  Import took 0.025631 seconds .

========================================================================
Received Import Request.
  Time since last request: 19.399719 seconds.
  path: Assets/Assets/play.png
  artifactKey: Guid(bc23f67de19ee41ac97de4f6b37fb98f) Importer(815301076,1909f56bfc062723c751e8b465ee728b)
Start importing Assets/Assets/play.png using Guid(bc23f67de19ee41ac97de4f6b37fb98f) Importer(815301076,1909f56bfc062723c751e8b465ee728b)  -> (artifact id: '2d55f136b7c1dd48dabd39e886408da5') in 0.014454 seconds
  Import took 0.018122 seconds .

========================================================================
Received Import Request.
  Time since last request: 0.004863 seconds.
  path: Assets/Assets/play.png
  artifactKey: Guid(bc23f67de19ee41ac97de4f6b37fb98f) Importer(815301076,1909f56bfc062723c751e8b465ee728b)
Start importing Assets/Assets/play.png using Guid(bc23f67de19ee41ac97de4f6b37fb98f) Importer(815301076,1909f56bfc062723c751e8b465ee728b)  -> (artifact id: '2d55f136b7c1dd48dabd39e886408da5') in 0.019015 seconds
  Import took 0.022863 seconds .

========================================================================
Received Import Request.
  Time since last request: 4.455692 seconds.
  path: Assets/Assets/play.png
  artifactKey: Guid(bc23f67de19ee41ac97de4f6b37fb98f) Importer(815301076,1909f56bfc062723c751e8b465ee728b)
Start importing Assets/Assets/play.png using Guid(bc23f67de19ee41ac97de4f6b37fb98f) Importer(815301076,1909f56bfc062723c751e8b465ee728b)  -> (artifact id: '1bdbef0e5df557b25b1eb00b057fb7fe') in 0.022267 seconds
  Import took 0.025630 seconds .

========================================================================
Received Import Request.
  Time since last request: 144.964579 seconds.
  path: Assets/codes
  artifactKey: Guid(97c29d701f7ea4f5b9bd70f6742b565e) Importer(815301076,1909f56bfc062723c751e8b465ee728b)
Start importing Assets/codes using Guid(97c29d701f7ea4f5b9bd70f6742b565e) Importer(815301076,1909f56bfc062723c751e8b465ee728b)  -> (artifact id: '1bebdbd0cd53a6a38cad0774530524f6') in 0.002126 seconds
  Import took 0.005503 seconds .

========================================================================
Received Import Request.
  Time since last request: 0.001062 seconds.
  path: Assets/codes
  artifactKey: Guid(97c29d701f7ea4f5b9bd70f6742b565e) Importer(815301076,1909f56bfc062723c751e8b465ee728b)
Start importing Assets/codes using Guid(97c29d701f7ea4f5b9bd70f6742b565e) Importer(815301076,1909f56bfc062723c751e8b465ee728b)  -> (artifact id: '1bebdbd0cd53a6a38cad0774530524f6') in 0.001496 seconds
  Import took 0.004686 seconds .

========================================================================
Received Prepare
Registering precompiled user dll's ...
Registered in 0.000879 seconds.
Begin MonoManager ReloadAssembly
Native extension for WindowsStandalone target not found
Native extension for OSXStandalone target not found
Native extension for WebGL target not found
Refreshing native plugins compatible for Editor in 0.40 ms, found 2 plugins.
Preloading 0 native plugins for Editor in 0.00 ms.
Invoked RoslynAnalysisRunner static constructor.
RoslynAnalysisRunner will not be running.
RoslynAnalysisRunner has terminated.
Mono: successfully reloaded assembly
- Completed reload, in  1.289 seconds
Platform modules already initialized, skipping
Script is not up to date after domain reload: guid(ab1cdee6f15e04735b1c1af2c2d156c7) path("Assets/codes/NewBehaviourScript.cs") state(2)
Refreshing native plugins compatible for Editor in 0.31 ms, found 2 plugins.
Preloading 0 native plugins for Editor in 0.00 ms.
Unloading 1802 Unused Serialized files (Serialized files now loaded: 0)
System memory in use before: 165.5 MB.
System memory in use after: 165.5 MB.

Unloading 12 unused Assets to reduce memory usage. Loaded Objects now: 2283.
Total: 2.105767 ms (FindLiveObjects: 0.202921 ms CreateObjectMapping: 0.075850 ms MarkObjects: 1.704204 ms  DeleteObjects: 0.121679 ms)

========================================================================
Received Prepare
Registering precompiled user dll's ...
Registered in 0.000591 seconds.
Begin MonoManager ReloadAssembly
Native extension for WindowsStandalone target not found
Native extension for OSXStandalone target not found
Native extension for WebGL target not found
Refreshing native plugins compatible for Editor in 0.37 ms, found 2 plugins.
Preloading 0 native plugins for Editor in 0.00 ms.
Invoked RoslynAnalysisRunner static constructor.
RoslynAnalysisRunner will not be running.
RoslynAnalysisRunner has terminated.
Mono: successfully reloaded assembly
- Completed reload, in  0.983 seconds
Platform modules already initialized, skipping
Refreshing native plugins compatible for Editor in 0.32 ms, found 2 plugins.
Preloading 0 native plugins for Editor in 0.00 ms.
Unloading 1802 Unused Serialized files (Serialized files now loaded: 0)
System memory in use before: 165.7 MB.
System memory in use after: 165.7 MB.

Unloading 12 unused Assets to reduce memory usage. Loaded Objects now: 2287.
Total: 2.179359 ms (FindLiveObjects: 0.216978 ms CreateObjectMapping: 0.066668 ms MarkObjects: 1.790970 ms  DeleteObjects: 0.103159 ms)

========================================================================
Received Import Request.
  Time since last request: 28.510448 seconds.
  path: Assets/codes/MENU.cs
  artifactKey: Guid(e74a44df515af45edac10ac89985a7ed) Importer(815301076,1909f56bfc062723c751e8b465ee728b)
Start importing Assets/codes/MENU.cs using Guid(e74a44df515af45edac10ac89985a7ed) Importer(815301076,1909f56bfc062723c751e8b465ee728b)  -> (artifact id: 'ef61d6c1b1fb4c8534a81c0c566bfe1b') in 0.005108 seconds
  Import took 0.008132 seconds .

========================================================================
Received Import Request.
  Time since last request: 0.006160 seconds.
  path: Assets/codes/MENU.cs
  artifactKey: Guid(e74a44df515af45edac10ac89985a7ed) Importer(815301076,1909f56bfc062723c751e8b465ee728b)
Start importing Assets/codes/MENU.cs using Guid(e74a44df515af45edac10ac89985a7ed) Importer(815301076,1909f56bfc062723c751e8b465ee728b)  -> (artifact id: 'ef61d6c1b1fb4c8534a81c0c566bfe1b') in 0.001823 seconds
  Import took 0.006293 seconds .

========================================================================
Received Prepare
Registering precompiled user dll's ...
Registered in 0.001164 seconds.
Begin MonoManager ReloadAssembly
Native extension for WindowsStandalone target not found
Native extension for OSXStandalone target not found
Native extension for WebGL target not found
Refreshing native plugins compatible for Editor in 0.31 ms, found 2 plugins.
Preloading 0 native plugins for Editor in 0.00 ms.
Invoked RoslynAnalysisRunner static constructor.
RoslynAnalysisRunner will not be running.
RoslynAnalysisRunner has terminated.
Mono: successfully reloaded assembly
- Completed reload, in  0.964 seconds
Platform modules already initialized, skipping
Refreshing native plugins compatible for Editor in 0.29 ms, found 2 plugins.
Preloading 0 native plugins for Editor in 0.00 ms.
Unloading 1803 Unused Serialized files (Serialized files now loaded: 0)
System memory in use before: 165.9 MB.
System memory in use after: 165.9 MB.

Unloading 12 unused Assets to reduce memory usage. Loaded Objects now: 2292.
Total: 2.089214 ms (FindLiveObjects: 0.215266 ms CreateObjectMapping: 0.072916 ms MarkObjects: 1.702834 ms  DeleteObjects: 0.097116 ms)

========================================================================
Received Prepare
Registering precompiled user dll's ...
Registered in 0.000951 seconds.
Begin MonoManager ReloadAssembly
Native extension for WindowsStandalone target not found
Native extension for OSXStandalone target not found
Native extension for WebGL target not found
Refreshing native plugins compatible for Editor in 0.32 ms, found 2 plugins.
Preloading 0 native plugins for Editor in 0.00 ms.
Invoked RoslynAnalysisRunner static constructor.
RoslynAnalysisRunner will not be running.
RoslynAnalysisRunner has terminated.
Mono: successfully reloaded assembly
- Completed reload, in  1.010 seconds
Platform modules already initialized, skipping
Refreshing native plugins compatible for Editor in 0.40 ms, found 2 plugins.
Preloading 0 native plugins for Editor in 0.00 ms.
Unloading 1803 Unused Serialized files (Serialized files now loaded: 0)
System memory in use before: 166.1 MB.
System memory in use after: 166.1 MB.

Unloading 12 unused Assets to reduce memory usage. Loaded Objects now: 2296.
Total: 1.974118 ms (FindLiveObjects: 0.214332 ms CreateObjectMapping: 0.101447 ms MarkObjects: 1.559845 ms  DeleteObjects: 0.097632 ms)

========================================================================
Received Import Request.
  Time since last request: 335.480700 seconds.
  path: Assets/codes/MENU.cs
  artifactKey: Guid(e74a44df515af45edac10ac89985a7ed) Importer(815301076,1909f56bfc062723c751e8b465ee728b)
Start importing Assets/codes/MENU.cs using Guid(e74a44df515af45edac10ac89985a7ed) Importer(815301076,1909f56bfc062723c751e8b465ee728b)  -> (artifact id: '5fe358d07ad17cb38cf031d4b5c5a16f') in 0.007229 seconds
  Import took 0.010381 seconds .

========================================================================
Received Prepare
Registering precompiled user dll's ...
Registered in 0.000415 seconds.
Begin MonoManager ReloadAssembly
Native extension for WindowsStandalone target not found
Native extension for OSXStandalone target not found
Native extension for WebGL target not found
Refreshing native plugins compatible for Editor in 0.35 ms, found 2 plugins.
Preloading 0 native plugins for Editor in 0.00 ms.
Invoked RoslynAnalysisRunner static constructor.
RoslynAnalysisRunner will not be running.
RoslynAnalysisRunner has terminated.
Mono: successfully reloaded assembly
- Completed reload, in  0.963 seconds
Platform modules already initialized, skipping
Refreshing native plugins compatible for Editor in 0.31 ms, found 2 plugins.
Preloading 0 native plugins for Editor in 0.00 ms.
Unloading 1803 Unused Serialized files (Serialized files now loaded: 0)
System memory in use before: 166.3 MB.
System memory in use after: 166.3 MB.

Unloading 12 unused Assets to reduce memory usage. Loaded Objects now: 2300.
Total: 1.969271 ms (FindLiveObjects: 0.243763 ms CreateObjectMapping: 0.108015 ms MarkObjects: 1.527377 ms  DeleteObjects: 0.089300 ms)

AssetImportWorkerClient::OnTransportError - code=2 error=End of file
