Using pre-set license

 COMMAND LINE ARGUMENTS:
/Applications/Unity/Hub/Editor/2020.3.0f1/Unity.app/Contents/MacOS/Unity
-adb2
-batchMode
-noUpm
-name
AssetImportWorker1
-projectPath
/Users/emiryilmaz/Documents/GitHub/Atom-Game-Jam-3/Atom Game Jam 3
-logFile
Logs/AssetImportWorker1.log
-srvPort
59408
Successfully changed project path to: /Users/emiryilmaz/Documents/GitHub/Atom-Game-Jam-3/Atom Game Jam 3
/Users/emiryilmaz/Documents/GitHub/Atom-Game-Jam-3/Atom Game Jam 3
Using Asset Import Pipeline V2.
Refreshing native plugins compatible for Editor in 49.10 ms, found 2 plugins.
Preloading 0 native plugins for Editor in 0.00 ms.
Initialize engine version: 2020.3.0f1 (c7b5465681fb)
[Subsystems] Discovering subsystems at path /Applications/Unity/Hub/Editor/2020.3.0f1/Unity.app/Contents/Resources/UnitySubsystems
[Subsystems] Discovering subsystems at path /Users/emiryilmaz/Documents/GitHub/Atom-Game-Jam-3/Atom Game Jam 3/Assets
GfxDevice: creating device client; threaded=0
2021-07-10 12:19:46.432 Unity[13036:730123] Color LCD preferred device: Intel(R) UHD Graphics 630 (low power)
2021-07-10 12:19:46.432 Unity[13036:730123] Metal devices available: 2
2021-07-10 12:19:46.432 Unity[13036:730123] 0: AMD Radeon Pro 5300M (high power)
2021-07-10 12:19:46.432 Unity[13036:730123] 1: Intel(R) UHD Graphics 630 (low power)
2021-07-10 12:19:46.433 Unity[13036:730123] Using device AMD Radeon Pro 5300M (high power)
Initializing Metal device caps: AMD Radeon Pro 5300M
Initialize mono
Mono path[0] = '/Applications/Unity/Hub/Editor/2020.3.0f1/Unity.app/Contents/Managed'
Mono path[1] = '/Applications/Unity/Hub/Editor/2020.3.0f1/Unity.app/Contents/MonoBleedingEdge/lib/mono/unityjit'
Mono config path = '/Applications/Unity/Hub/Editor/2020.3.0f1/Unity.app/Contents/MonoBleedingEdge/etc'
Using monoOptions --debugger-agent=transport=dt_socket,embedding=1,server=y,suspend=n,address=127.0.0.1:56036
Begin MonoManager ReloadAssembly
Registering precompiled unity dll's ...
Register platform support module: /Applications/Unity/Hub/Editor/2020.3.0f1/PlaybackEngines/WebGLSupport/UnityEditor.WebGL.Extensions.dll
Register platform support module: /Applications/Unity/Hub/Editor/2020.3.0f1/Unity.app/Contents/PlaybackEngines/MacStandaloneSupport/UnityEditor.OSXStandalone.Extensions.dll
Register platform support module: /Applications/Unity/Hub/Editor/2020.3.0f1/PlaybackEngines/WindowsStandaloneSupport/UnityEditor.WindowsStandalone.Extensions.dll
Registered in 0.001302 seconds.
Native extension for WindowsStandalone target not found
Native extension for OSXStandalone target not found
Native extension for WebGL target not found
Refreshing native plugins compatible for Editor in 43.29 ms, found 2 plugins.
Preloading 0 native plugins for Editor in 0.00 ms.
Invoked RoslynAnalysisRunner static constructor.
RoslynAnalysisRunner will not be running.
RoslynAnalysisRunner has terminated.
Mono: successfully reloaded assembly
- Completed reload, in  6.805 seconds
Platform modules already initialized, skipping
Registering precompiled user dll's ...
Registered in 0.000734 seconds.
Begin MonoManager ReloadAssembly
Native extension for WindowsStandalone target not found
Native extension for OSXStandalone target not found
Native extension for WebGL target not found
Refreshing native plugins compatible for Editor in 48.59 ms, found 2 plugins.
Preloading 0 native plugins for Editor in 0.00 ms.
Invoked RoslynAnalysisRunner static constructor.
RoslynAnalysisRunner will not be running.
RoslynAnalysisRunner has terminated.
Mono: successfully reloaded assembly
- Completed reload, in  1.534 seconds
Platform modules already initialized, skipping
========================================================================
Worker process is ready to serve import requests
Launching external process: /Applications/Unity/Hub/Editor/2020.3.0f1/Unity.app/Contents/Tools/UnityShaderCompiler
Launched and connected shader compiler UnityShaderCompiler after 0.02 seconds
Refreshing native plugins compatible for Editor in 0.92 ms, found 2 plugins.
Preloading 0 native plugins for Editor in 0.00 ms.
Unloading 1809 Unused Serialized files (Serialized files now loaded: 0)
System memory in use before: 151.9 MB.
System memory in use after: 151.9 MB.

Unloading 23 unused Assets to reduce memory usage. Loaded Objects now: 2253.
Total: 3.298987 ms (FindLiveObjects: 0.310887 ms CreateObjectMapping: 0.174810 ms MarkObjects: 2.680407 ms  DeleteObjects: 0.130825 ms)

========================================================================
Received Import Request.
  path: Assets/Scenes/StartMenu.unity
  artifactKey: Guid(562c7c5a3bc174f4391d534229e28226) Importer(815301076,1909f56bfc062723c751e8b465ee728b)
Start importing Assets/Scenes/StartMenu.unity using Guid(562c7c5a3bc174f4391d534229e28226) Importer(815301076,1909f56bfc062723c751e8b465ee728b)  -> (artifact id: 'fb8b9c7e0ddd4b8d3dfd2b8a53f09a77') in 0.015002 seconds
  Import took 0.019450 seconds .

========================================================================
Received Import Request.
  Time since last request: 0.015695 seconds.
  path: Assets/Scenes/StartMenu.unity
  artifactKey: Guid(562c7c5a3bc174f4391d534229e28226) Importer(815301076,1909f56bfc062723c751e8b465ee728b)
Start importing Assets/Scenes/StartMenu.unity using Guid(562c7c5a3bc174f4391d534229e28226) Importer(815301076,1909f56bfc062723c751e8b465ee728b)  -> (artifact id: 'fb8b9c7e0ddd4b8d3dfd2b8a53f09a77') in 0.001360 seconds
  Import took 0.006007 seconds .

========================================================================
Received Prepare
Registering precompiled user dll's ...
Registered in 0.000664 seconds.
Begin MonoManager ReloadAssembly
Native extension for WindowsStandalone target not found
Native extension for OSXStandalone target not found
Native extension for WebGL target not found
Refreshing native plugins compatible for Editor in 0.36 ms, found 2 plugins.
Preloading 0 native plugins for Editor in 0.00 ms.
Invoked RoslynAnalysisRunner static constructor.
RoslynAnalysisRunner will not be running.
RoslynAnalysisRunner has terminated.
Mono: successfully reloaded assembly
- Completed reload, in  1.174 seconds
Platform modules already initialized, skipping
Refreshing native plugins compatible for Editor in 0.43 ms, found 2 plugins.
Preloading 0 native plugins for Editor in 0.00 ms.
Unloading 1803 Unused Serialized files (Serialized files now loaded: 0)
System memory in use before: 152.3 MB.
System memory in use after: 152.3 MB.

Unloading 11 unused Assets to reduce memory usage. Loaded Objects now: 2257.
Total: 2.433270 ms (FindLiveObjects: 0.239200 ms CreateObjectMapping: 0.074662 ms MarkObjects: 2.015649 ms  DeleteObjects: 0.102395 ms)

========================================================================
Received Import Request.
  Time since last request: 4.740870 seconds.
  path: Assets/Scenes/Level1.unity
  artifactKey: Guid(2cda990e2423bbf4892e6590ba056729) Importer(815301076,1909f56bfc062723c751e8b465ee728b)
Start importing Assets/Scenes/Level1.unity using Guid(2cda990e2423bbf4892e6590ba056729) Importer(815301076,1909f56bfc062723c751e8b465ee728b)  -> (artifact id: 'e37f6c1928c495d5140b7f794cb9b1fc') in 0.014247 seconds
  Import took 0.018203 seconds .

========================================================================
Received Prepare
Registering precompiled user dll's ...
Registered in 0.000505 seconds.
Begin MonoManager ReloadAssembly
Native extension for WindowsStandalone target not found
Native extension for OSXStandalone target not found
Native extension for WebGL target not found
Refreshing native plugins compatible for Editor in 0.48 ms, found 2 plugins.
Preloading 0 native plugins for Editor in 0.00 ms.
Invoked RoslynAnalysisRunner static constructor.
RoslynAnalysisRunner will not be running.
RoslynAnalysisRunner has terminated.
Mono: successfully reloaded assembly
- Completed reload, in  1.373 seconds
Platform modules already initialized, skipping
Refreshing native plugins compatible for Editor in 0.57 ms, found 2 plugins.
Preloading 0 native plugins for Editor in 0.00 ms.
Unloading 1803 Unused Serialized files (Serialized files now loaded: 0)
System memory in use before: 152.5 MB.
System memory in use after: 152.6 MB.

Unloading 11 unused Assets to reduce memory usage. Loaded Objects now: 2261.
Total: 2.925590 ms (FindLiveObjects: 0.261724 ms CreateObjectMapping: 0.099000 ms MarkObjects: 2.446192 ms  DeleteObjects: 0.117442 ms)

========================================================================
Received Import Request.
  Time since last request: 277.641263 seconds.
  path: Assets/codes/pressure plate.cs
  artifactKey: Guid(c88c315fcf2f6455992ae041445a97d7) Importer(815301076,1909f56bfc062723c751e8b465ee728b)
Start importing Assets/codes/pressure plate.cs using Guid(c88c315fcf2f6455992ae041445a97d7) Importer(815301076,1909f56bfc062723c751e8b465ee728b)  -> (artifact id: '4b1601e4189aacde0a16b8b71c445755') in 0.523016 seconds
  Import took 0.526663 seconds .

========================================================================
Received Prepare
Registering precompiled user dll's ...
Registered in 0.000841 seconds.
Begin MonoManager ReloadAssembly
Native extension for WindowsStandalone target not found
Native extension for OSXStandalone target not found
Native extension for WebGL target not found
Refreshing native plugins compatible for Editor in 0.43 ms, found 2 plugins.
Preloading 0 native plugins for Editor in 0.00 ms.
Invoked RoslynAnalysisRunner static constructor.
RoslynAnalysisRunner will not be running.
RoslynAnalysisRunner has terminated.
Mono: successfully reloaded assembly
- Completed reload, in  1.284 seconds
Platform modules already initialized, skipping
Refreshing native plugins compatible for Editor in 0.33 ms, found 2 plugins.
Preloading 0 native plugins for Editor in 0.00 ms.
Unloading 1804 Unused Serialized files (Serialized files now loaded: 0)
System memory in use before: 157.1 MB.
System memory in use after: 157.1 MB.

Unloading 11 unused Assets to reduce memory usage. Loaded Objects now: 2266.
Total: 2.373932 ms (FindLiveObjects: 0.283438 ms CreateObjectMapping: 0.095028 ms MarkObjects: 1.904604 ms  DeleteObjects: 0.089774 ms)

========================================================================
Received Prepare
Registering precompiled user dll's ...
Registered in 0.000750 seconds.
Begin MonoManager ReloadAssembly
Native extension for WindowsStandalone target not found
Native extension for OSXStandalone target not found
Native extension for WebGL target not found
Refreshing native plugins compatible for Editor in 0.31 ms, found 2 plugins.
Preloading 0 native plugins for Editor in 0.00 ms.
Invoked RoslynAnalysisRunner static constructor.
RoslynAnalysisRunner will not be running.
RoslynAnalysisRunner has terminated.
Mono: successfully reloaded assembly
- Completed reload, in  1.105 seconds
Platform modules already initialized, skipping
Refreshing native plugins compatible for Editor in 0.42 ms, found 2 plugins.
Preloading 0 native plugins for Editor in 0.00 ms.
Unloading 1804 Unused Serialized files (Serialized files now loaded: 0)
System memory in use before: 157.3 MB.
System memory in use after: 157.3 MB.

Unloading 11 unused Assets to reduce memory usage. Loaded Objects now: 2270.
Total: 2.148112 ms (FindLiveObjects: 0.211213 ms CreateObjectMapping: 0.068003 ms MarkObjects: 1.784480 ms  DeleteObjects: 0.082935 ms)

========================================================================
Received Prepare
Registering precompiled user dll's ...
Registered in 0.000635 seconds.
Begin MonoManager ReloadAssembly
Native extension for WindowsStandalone target not found
Native extension for OSXStandalone target not found
Native extension for WebGL target not found
Refreshing native plugins compatible for Editor in 0.34 ms, found 2 plugins.
Preloading 0 native plugins for Editor in 0.00 ms.
Invoked RoslynAnalysisRunner static constructor.
RoslynAnalysisRunner will not be running.
RoslynAnalysisRunner has terminated.
Mono: successfully reloaded assembly
- Completed reload, in  1.054 seconds
Platform modules already initialized, skipping
Refreshing native plugins compatible for Editor in 0.33 ms, found 2 plugins.
Preloading 0 native plugins for Editor in 0.00 ms.
Unloading 1804 Unused Serialized files (Serialized files now loaded: 0)
System memory in use before: 157.5 MB.
System memory in use after: 157.6 MB.

Unloading 11 unused Assets to reduce memory usage. Loaded Objects now: 2274.
Total: 2.157919 ms (FindLiveObjects: 0.266262 ms CreateObjectMapping: 0.106918 ms MarkObjects: 1.683660 ms  DeleteObjects: 0.086669 ms)

========================================================================
Received Import Request.
  Time since last request: 3850.403109 seconds.
  path: Assets/Assets/platformsol.png
  artifactKey: Guid(56b031d8d502d46e8b114fc856591f16) Importer(815301076,1909f56bfc062723c751e8b465ee728b)
Start importing Assets/Assets/platformsol.png using Guid(56b031d8d502d46e8b114fc856591f16) Importer(815301076,1909f56bfc062723c751e8b465ee728b)  -> (artifact id: 'c94e5356c93e849ceca25d86918f1cb3') in 1.273231 seconds
  Import took 1.277421 seconds .

========================================================================
Received Import Request.
  Time since last request: 0.000271 seconds.
  path: Assets/Assets/platformsag.png
  artifactKey: Guid(c30774c6906ac4785a254f5c9a9554ed) Importer(815301076,1909f56bfc062723c751e8b465ee728b)
Start importing Assets/Assets/platformsag.png using Guid(c30774c6906ac4785a254f5c9a9554ed) Importer(815301076,1909f56bfc062723c751e8b465ee728b)  -> (artifact id: '54b61287df2a653c03ae2ff7c677da13') in 0.010480 seconds
  Import took 0.014087 seconds .

========================================================================
Received Import Request.
  Time since last request: 0.000275 seconds.
  path: Assets/Assets/platform.png
  artifactKey: Guid(c24dde363ea014873b1cb4202e739158) Importer(815301076,1909f56bfc062723c751e8b465ee728b)
Start importing Assets/Assets/platform.png using Guid(c24dde363ea014873b1cb4202e739158) Importer(815301076,1909f56bfc062723c751e8b465ee728b)  -> (artifact id: 'c73a6b39c94ad8830aeb62f9f1932a7d') in 0.013771 seconds
  Import took 0.017666 seconds .

========================================================================
Received Import Request.
  Time since last request: 27.220371 seconds.
  path: Assets/Assets/platformsol.png
  artifactKey: Guid(56b031d8d502d46e8b114fc856591f16) Importer(815301076,1909f56bfc062723c751e8b465ee728b)
Start importing Assets/Assets/platformsol.png using Guid(56b031d8d502d46e8b114fc856591f16) Importer(815301076,1909f56bfc062723c751e8b465ee728b)  -> (artifact id: '54a5fe2144bb72f02474d5dc2905421c') in 0.007759 seconds
  Import took 0.011023 seconds .

========================================================================
Received Import Request.
  Time since last request: 0.034409 seconds.
  path: Assets/Assets/platform.png
  artifactKey: Guid(c24dde363ea014873b1cb4202e739158) Importer(815301076,1909f56bfc062723c751e8b465ee728b)
Start importing Assets/Assets/platform.png using Guid(c24dde363ea014873b1cb4202e739158) Importer(815301076,1909f56bfc062723c751e8b465ee728b)  -> (artifact id: 'aae5b4015c6bdf539e9d94b6a9c843ab') in 0.011222 seconds
  Import took 0.015020 seconds .

========================================================================
Received Import Request.
  Time since last request: 0.000239 seconds.
  path: Assets/Assets/platformsag.png
  artifactKey: Guid(c30774c6906ac4785a254f5c9a9554ed) Importer(815301076,1909f56bfc062723c751e8b465ee728b)
Start importing Assets/Assets/platformsag.png using Guid(c30774c6906ac4785a254f5c9a9554ed) Importer(815301076,1909f56bfc062723c751e8b465ee728b)  -> (artifact id: '0066a47c333b6fff1b07c0a113376483') in 0.012117 seconds
  Import took 0.015729 seconds .

========================================================================
Received Import Request.
  Time since last request: 0.013487 seconds.
  path: Assets/Assets/platformsag.png
  artifactKey: Guid(c30774c6906ac4785a254f5c9a9554ed) Importer(815301076,1909f56bfc062723c751e8b465ee728b)
Start importing Assets/Assets/platformsag.png using Guid(c30774c6906ac4785a254f5c9a9554ed) Importer(815301076,1909f56bfc062723c751e8b465ee728b)  -> (artifact id: '0066a47c333b6fff1b07c0a113376483') in 0.010457 seconds
  Import took 0.013686 seconds .

========================================================================
Received Import Request.
  Time since last request: 15.264462 seconds.
  path: Assets/Assets/platform.png
  artifactKey: Guid(c24dde363ea014873b1cb4202e739158) Importer(815301076,1909f56bfc062723c751e8b465ee728b)
Start importing Assets/Assets/platform.png using Guid(c24dde363ea014873b1cb4202e739158) Importer(815301076,1909f56bfc062723c751e8b465ee728b)  -> (artifact id: '3d28968e699de4437755a14928609e07') in 0.009493 seconds
  Import took 0.013319 seconds .

========================================================================
Received Import Request.
  Time since last request: 0.037793 seconds.
  path: Assets/Assets/platform.png
  artifactKey: Guid(c24dde363ea014873b1cb4202e739158) Importer(815301076,1909f56bfc062723c751e8b465ee728b)
Start importing Assets/Assets/platform.png using Guid(c24dde363ea014873b1cb4202e739158) Importer(815301076,1909f56bfc062723c751e8b465ee728b)  -> (artifact id: '3d28968e699de4437755a14928609e07') in 0.010599 seconds
  Import took 0.013932 seconds .

========================================================================
Received Prepare
Registering precompiled user dll's ...
Registered in 0.001560 seconds.
Begin MonoManager ReloadAssembly
Native extension for WindowsStandalone target not found
Native extension for OSXStandalone target not found
Native extension for WebGL target not found
Refreshing native plugins compatible for Editor in 0.43 ms, found 2 plugins.
Preloading 0 native plugins for Editor in 0.00 ms.
Invoked RoslynAnalysisRunner static constructor.
RoslynAnalysisRunner will not be running.
RoslynAnalysisRunner has terminated.
Mono: successfully reloaded assembly
- Completed reload, in  1.080 seconds
Platform modules already initialized, skipping
Refreshing native plugins compatible for Editor in 0.33 ms, found 2 plugins.
Preloading 0 native plugins for Editor in 0.00 ms.
Unloading 1804 Unused Serialized files (Serialized files now loaded: 0)
System memory in use before: 165.4 MB.
System memory in use after: 165.4 MB.

Unloading 11 unused Assets to reduce memory usage. Loaded Objects now: 2284.
Total: 2.323194 ms (FindLiveObjects: 0.243622 ms CreateObjectMapping: 0.069689 ms MarkObjects: 1.901157 ms  DeleteObjects: 0.107654 ms)

========================================================================
Received Import Request.
  Time since last request: 303.811400 seconds.
  path: Assets/Assets/block.prefab
  artifactKey: Guid(00f6a9a424ad24fb3a5ce50908a39395) Importer(815301076,1909f56bfc062723c751e8b465ee728b)
Start importing Assets/Assets/block.prefab using Guid(00f6a9a424ad24fb3a5ce50908a39395) Importer(815301076,1909f56bfc062723c751e8b465ee728b)  -> (artifact id: '522e1956dc03efc1d708a4ef351db86d') in 1.676852 seconds
  Import took 1.681235 seconds .

========================================================================
Received Import Request.
  Time since last request: 4.005023 seconds.
  path: Assets/Assets/block.prefab
  artifactKey: Guid(00f6a9a424ad24fb3a5ce50908a39395) Importer(815301076,1909f56bfc062723c751e8b465ee728b)
Start importing Assets/Assets/block.prefab using Guid(00f6a9a424ad24fb3a5ce50908a39395) Importer(815301076,1909f56bfc062723c751e8b465ee728b)  -> (artifact id: 'cb249be7d3cd0690983551e956eedb05') in 0.005801 seconds
  Import took 0.010628 seconds .

========================================================================
Received Import Request.
  Time since last request: 0.000414 seconds.
  path: Assets/Assets/platform.asset
  artifactKey: Guid(5689a691d04404cb4bdf33bba88aac6f) Importer(815301076,1909f56bfc062723c751e8b465ee728b)
Start importing Assets/Assets/platform.asset using Guid(5689a691d04404cb4bdf33bba88aac6f) Importer(815301076,1909f56bfc062723c751e8b465ee728b)  -> (artifact id: '4cc8da919b2e7a55c573f395f4c15322') in 0.750607 seconds
  Import took 0.757013 seconds .

========================================================================
Received Prepare
Registering precompiled user dll's ...
Registered in 0.002635 seconds.
Begin MonoManager ReloadAssembly
Native extension for WindowsStandalone target not found
Native extension for OSXStandalone target not found
Native extension for WebGL target not found
Refreshing native plugins compatible for Editor in 0.37 ms, found 2 plugins.
Preloading 0 native plugins for Editor in 0.00 ms.
Invoked RoslynAnalysisRunner static constructor.
RoslynAnalysisRunner will not be running.
RoslynAnalysisRunner has terminated.
Mono: successfully reloaded assembly
- Completed reload, in  1.102 seconds
Platform modules already initialized, skipping
Refreshing native plugins compatible for Editor in 0.42 ms, found 2 plugins.
Preloading 0 native plugins for Editor in 0.00 ms.
Unloading 1804 Unused Serialized files (Serialized files now loaded: 0)
System memory in use before: 174.4 MB.
System memory in use after: 174.4 MB.

Unloading 11 unused Assets to reduce memory usage. Loaded Objects now: 2290.
Total: 2.871036 ms (FindLiveObjects: 0.238648 ms CreateObjectMapping: 0.098772 ms MarkObjects: 2.418048 ms  DeleteObjects: 0.113792 ms)

========================================================================
Received Import Request.
  Time since last request: 329.133048 seconds.
  path: Assets/Assets/Sprite-0002.png
  artifactKey: Guid(6034d42bfa9f84f4b92f1913da7dc3a6) Importer(815301076,1909f56bfc062723c751e8b465ee728b)
Start importing Assets/Assets/Sprite-0002.png using Guid(6034d42bfa9f84f4b92f1913da7dc3a6) Importer(815301076,1909f56bfc062723c751e8b465ee728b)  -> (artifact id: '350abcaf51aaf4a7662b13332a426a3f') in 0.084014 seconds
  Import took 0.088854 seconds .

========================================================================
Received Import Request.
  Time since last request: 20.104410 seconds.
  path: Assets/Assets/Sprite-0002.png
  artifactKey: Guid(6034d42bfa9f84f4b92f1913da7dc3a6) Importer(815301076,1909f56bfc062723c751e8b465ee728b)
Start importing Assets/Assets/Sprite-0002.png using Guid(6034d42bfa9f84f4b92f1913da7dc3a6) Importer(815301076,1909f56bfc062723c751e8b465ee728b)  -> (artifact id: '1ed5c5074c61b09cf45695d6214a8e8c') in 0.016100 seconds
  Import took 0.020093 seconds .

========================================================================
Received Import Request.
  Time since last request: 16.409192 seconds.
  path: Assets/Assets/Sprite-0002.png
  artifactKey: Guid(6034d42bfa9f84f4b92f1913da7dc3a6) Importer(815301076,1909f56bfc062723c751e8b465ee728b)
Start importing Assets/Assets/Sprite-0002.png using Guid(6034d42bfa9f84f4b92f1913da7dc3a6) Importer(815301076,1909f56bfc062723c751e8b465ee728b)  -> (artifact id: 'd23c5375a61e2390277918b8917da51c') in 0.016233 seconds
  Import took 0.021831 seconds .

